<?xml version="1.0" encoding="UTF-8"?>
<!-- Generated by org.testng.reporters.JUnitReportReporter -->
<testsuite hostname="DESKTOP-GEBSJP2" failures="0" tests="4" name="apisaro.apisaro.Regress" time="6.141" errors="0" timestamp="2022-06-11T17:43:08 IST" skipped="0">
  <testcase classname="apisaro.apisaro.Regress" name="get" time="0.550"/>
  <system-out/>
  <testcase classname="apisaro.apisaro.Regress" name="put" time="0.413"/>
  <system-out/>
  <testcase classname="apisaro.apisaro.Regress" name="post" time="0.600"/>
  <system-out/>
  <testcase classname="apisaro.apisaro.Regress" name="delete" time="4.578"/>
  <system-out/>
</testsuite> <!-- apisaro.apisaro.Regress -->
